2022-03-31 11:06:15 INFO  ETL:84 - =====================Start ETL===============================
2022-03-31 11:06:15 INFO  ETL:97 - Try to get config file
2022-03-31 11:06:15 INFO  ETL:144 - Init ETL inform and variables
2022-03-31 11:06:15 INFO  ETL:159 - Try to connect to db :jdbc:oracle:thin:@10.70.12.26:1521/orclpdb.dw.com.tw
2022-03-31 11:06:15 INFO  ETL:160 - Try to login with :VIDB
2022-03-31 11:06:18 DEBUG ETL:314 - Interval:-100
2022-03-31 11:06:18 DEBUG ETL:327 - Select * From CRD_LX_ATF_01_APPAUDITLOG where DATE_TM >='2021-12-21T00:00:00' AND DATE_TM<'2022-03-31T00:00:00'
2022-03-31 11:06:18 DEBUG ETL:360 - Write 81 records.
2022-03-31 11:06:18 INFO  ETL:172 - Find 81 records in source table
2022-03-31 11:06:18 INFO  ETL:173 - Total read and write 81 records.
2022-03-31 11:06:18 INFO  ETL:175 - Completed.
2022-03-31 11:06:18 INFO  ETL:176 - Try to housekeep.
2022-03-31 11:06:18 INFO  ETL:178 - Testing===
2022-03-31 11:06:18 INFO  ETL:179 - Try to insert testing data 
2022-03-31 11:06:18 DEBUG ETL:490 - insert into CRD_LX_ATF_01_AppAuditLog VALUES (' ', ' ', '2021-03-30T59:59:58', ' ', ' ', ' ', ' ', ' ', ' ', ' ', ' ', ' ', 0, ' ', ' ', ' ', ' ')
2022-03-31 11:06:18 INFO  ETL:503 - Insert 100 rows with datetime 2021-03-30T59:59:58
2022-03-31 11:06:18 DEBUG ETL:393 - Housekeeping Interval:-1 years.
2022-03-31 11:06:18 DEBUG ETL:432 -  DELETE FROM CRD_LX_ATF_01_AppAuditLog where DATE_TM <='2021-03-30T59:59:59'
2022-03-31 11:06:18 INFO  ETL:183 - Delete 100 rows.
2022-03-31 11:06:18 INFO  ETL:184 - Completed.
2022-03-31 11:06:18 INFO  ETL:190 - Try to send successful email.
2022-03-31 11:06:27 INFO  ETL:200 - Completed.
2022-03-31 11:06:27 INFO  ETL:229 - All tasks have been completed.
2022-03-31 11:20:28 INFO  ETL:84 - =====================Start ETL===============================
2022-03-31 11:20:28 INFO  ETL:97 - Try to get config file
2022-03-31 11:20:28 INFO  ETL:144 - Init ETL inform and variables
2022-03-31 11:20:28 INFO  ETL:159 - Try to connect to db :jdbc:oracle:thin:@10.70.12.26:1521/orclpdb.dw.com.tw
2022-03-31 11:20:28 INFO  ETL:160 - Try to login with :VIDB
2022-03-31 11:20:30 INFO  ETL:169 - Testing===
2022-03-31 11:20:30 INFO  ETL:170 - Try to insert testing data 
2022-03-31 11:20:30 DEBUG ETL:497 - insert into CRD_LX_ATF_01_AppAuditLog VALUES (' ', ' ', '2022-03-30T59:59:59', ' ', ' ', ' ', ' ', ' ', ' ', ' ', ' ', ' ', 0, ' ', ' ', ' ', ' ')
2022-03-31 11:20:30 INFO  ETL:510 - Insert 100 rows with datetime 2022-03-30T59:59:59
2022-03-31 11:20:30 DEBUG ETL:320 - Interval:-100
2022-03-31 11:20:30 DEBUG ETL:333 - Select * From CRD_LX_ATF_01_APPAUDITLOG where DATE_TM >='2021-12-21T00:00:00' AND DATE_TM<'2022-03-31T00:00:00'
2022-03-31 11:20:31 DEBUG ETL:366 - Write 181 records.
2022-03-31 11:20:31 INFO  ETL:178 - Find 181 records in source table
2022-03-31 11:20:31 INFO  ETL:179 - Total read and write 181 records.
2022-03-31 11:20:31 INFO  ETL:181 - Completed.
2022-03-31 11:20:31 INFO  ETL:182 - Try to housekeep.
2022-03-31 11:20:31 INFO  ETL:184 - Testing===
2022-03-31 11:20:31 INFO  ETL:185 - Try to insert testing data 
2022-03-31 11:20:31 DEBUG ETL:591 - insert into CRD_LX_ATF_01_AppAuditLog VALUES (' ', ' ', '2021-03-30T59:59:59', ' ', ' ', ' ', ' ', ' ', ' ', ' ', ' ', ' ', 0, ' ', ' ', ' ', ' ')
2022-03-31 11:20:32 INFO  ETL:604 - Insert 100 rows with datetime 2021-03-30T59:59:59
2022-03-31 11:20:32 DEBUG ETL:399 - Housekeeping Interval:-1 years.
2022-03-31 11:20:32 DEBUG ETL:438 -  DELETE FROM CRD_LX_ATF_01_AppAuditLog where DATE_TM <='2021-03-30T59:59:59'
2022-03-31 11:20:32 INFO  ETL:189 - Delete 100 rows.
2022-03-31 11:20:32 INFO  ETL:190 - Completed.
2022-03-31 11:20:32 INFO  ETL:196 - Try to send successful email.
2022-03-31 11:20:41 INFO  ETL:206 - Completed.
2022-03-31 11:20:41 INFO  ETL:235 - All tasks have been completed.
2022-03-31 11:26:39 INFO  ETL:84 - =====================Start ETL===============================
2022-03-31 11:26:39 INFO  ETL:97 - Try to get config file
2022-03-31 11:26:39 INFO  ETL:144 - Init ETL inform and variables
2022-03-31 11:26:39 INFO  ETL:160 - Try to connect to db :jdbc:oracle:thin:@10.70.12.26:1521/orclpdb.dw.com.tw
2022-03-31 11:26:39 INFO  ETL:161 - Try to login with :VIDB
2022-03-31 11:26:42 DEBUG ETL:322 - Interval:-100
2022-03-31 11:26:42 DEBUG ETL:335 - Select * From CRD_LX_ATF_01_APPAUDITLOG where DATE_TM >='2021-12-21T00:00:00' AND DATE_TM<'2022-03-31T00:00:00'
2022-03-31 11:26:42 DEBUG ETL:361 - Write 150 records.
2022-03-31 11:26:42 DEBUG ETL:368 - Write 31 records.
2022-03-31 11:26:42 INFO  ETL:179 - Find 181 records in source table
2022-03-31 11:26:42 INFO  ETL:180 - Total read and write 181 records.
2022-03-31 11:26:42 INFO  ETL:182 - Completed.
2022-03-31 11:26:42 INFO  ETL:183 - Try to housekeep.
2022-03-31 11:26:42 INFO  ETL:185 - Testing===
2022-03-31 11:26:42 INFO  ETL:186 - Try to insert testing data 
2022-03-31 11:26:42 DEBUG ETL:593 - insert into CRD_LX_ATF_01_AppAuditLog VALUES (' ', ' ', '2021-03-30T59:59:59', ' ', ' ', ' ', ' ', ' ', ' ', ' ', ' ', ' ', 0, ' ', ' ', ' ', ' ')
2022-03-31 11:26:42 INFO  ETL:606 - Insert 100 rows with datetime 2021-03-30T59:59:59
2022-03-31 11:26:42 DEBUG ETL:401 - Housekeeping Interval:-1 years.
2022-03-31 11:26:42 DEBUG ETL:440 -  DELETE FROM CRD_LX_ATF_01_AppAuditLog where DATE_TM <='2021-03-30T59:59:59'
2022-03-31 11:26:42 INFO  ETL:190 - Delete 100 rows.
2022-03-31 11:26:42 INFO  ETL:191 - Completed.
2022-03-31 11:26:42 INFO  ETL:197 - Try to send successful email.
2022-03-31 11:26:52 INFO  ETL:207 - Completed.
2022-03-31 11:26:52 INFO  ETL:236 - All tasks have been completed.
2022-03-31 11:28:58 INFO  ETL:84 - =====================Start ETL===============================
2022-03-31 11:28:58 INFO  ETL:97 - Try to get config file
2022-03-31 11:28:58 INFO  ETL:145 - Init ETL inform and variables
2022-03-31 11:28:58 INFO  ETL:161 - Try to connect to db :jdbc:oracle:thin:@10.70.12.26:1521/orclpdb.dw.com.tw
2022-03-31 11:28:58 INFO  ETL:162 - Try to login with :VIDB
2022-03-31 11:29:01 DEBUG ETL:323 - Interval:-100
2022-03-31 11:29:01 DEBUG ETL:336 - Select * From CRD_LX_ATF_01_APPAUDITLOG where DATE_TM >='2021-12-21T00:00:00' AND DATE_TM<'2022-03-31T00:00:00'
2022-03-31 11:29:02 DEBUG ETL:362 - Write 150 records.
2022-03-31 11:29:02 DEBUG ETL:369 - Write 31 records.
2022-03-31 11:29:02 INFO  ETL:180 - Find 181 records in source table
2022-03-31 11:29:02 INFO  ETL:181 - Total read and write 181 records.
2022-03-31 11:29:02 INFO  ETL:183 - Completed.
2022-03-31 11:29:02 INFO  ETL:184 - Try to housekeep.
2022-03-31 11:29:02 INFO  ETL:186 - Testing===
2022-03-31 11:29:02 INFO  ETL:187 - Try to insert testing data 
2022-03-31 11:29:02 DEBUG ETL:594 - insert into CRD_LX_ATF_01_AppAuditLog VALUES (' ', ' ', '2021-03-30T59:59:59', ' ', ' ', ' ', ' ', ' ', ' ', ' ', ' ', ' ', 0, ' ', ' ', ' ', ' ')
2022-03-31 11:29:02 INFO  ETL:607 - Insert 100 rows with datetime 2021-03-30T59:59:59
2022-03-31 11:29:02 DEBUG ETL:402 - Housekeeping Interval:-1 years.
2022-03-31 11:29:02 DEBUG ETL:441 -  DELETE FROM CRD_LX_ATF_01_AppAuditLog where DATE_TM <='2021-03-30T59:59:59'
2022-03-31 11:29:02 INFO  ETL:191 - Delete 100 rows.
2022-03-31 11:29:02 INFO  ETL:192 - Completed.
2022-03-31 11:29:02 INFO  ETL:198 - Try to send successful email.
2022-03-31 11:29:11 INFO  ETL:208 - Completed.
2022-03-31 11:29:11 INFO  ETL:237 - All tasks have been completed.
2022-03-31 11:38:51 INFO  ETL:84 - =====================Start ETL===============================
2022-03-31 11:38:51 INFO  ETL:97 - Try to get config file
2022-03-31 11:38:51 INFO  ETL:145 - Init ETL inform and variables
2022-03-31 11:38:51 INFO  ETL:161 - Try to connect to db :jdbc:oracle:thin:@10.70.12.26:1521/orclpdb.dw.com.tw
2022-03-31 11:38:51 INFO  ETL:162 - Try to login with :VIDB
2022-03-31 11:38:53 DEBUG ETL:332 - Interval:-100
2022-03-31 11:38:53 DEBUG ETL:345 - Select * From CRD_LX_ATF_01_APPAUDITLOG where DATE_TM >='2021-12-21T00:00:00' AND DATE_TM<'2022-03-31T00:00:00'
2022-03-31 11:38:53 DEBUG ETL:371 - Write 150 records.
2022-03-31 11:38:53 DEBUG ETL:378 - Write 31 records.
2022-03-31 11:38:53 INFO  ETL:180 - Find 181 records in source table
2022-03-31 11:38:53 INFO  ETL:181 - Total read and write 181 records.
2022-03-31 11:38:53 INFO  ETL:183 - Completed.
2022-03-31 11:38:53 INFO  ETL:184 - Try to housekeep.
2022-03-31 11:38:53 INFO  ETL:186 - Testing===
2022-03-31 11:38:53 INFO  ETL:187 - Try to insert testing data 
2022-03-31 11:38:53 DEBUG ETL:603 - insert into CRD_LX_ATF_01_AppAuditLog VALUES (' ', ' ', '2021-03-30T59:59:59', ' ', ' ', ' ', ' ', ' ', ' ', ' ', ' ', ' ', 0, ' ', ' ', ' ', ' ')
2022-03-31 11:38:53 INFO  ETL:616 - Insert 100 rows with datetime 2021-03-30T59:59:59
2022-03-31 11:38:53 DEBUG ETL:411 - Housekeeping Interval:-1 years.
2022-03-31 11:38:53 DEBUG ETL:450 -  DELETE FROM CRD_LX_ATF_01_AppAuditLog where DATE_TM <='2021-03-30T59:59:59'
2022-03-31 11:38:53 INFO  ETL:191 - Delete 100 rows.
2022-03-31 11:38:53 INFO  ETL:192 - Completed.
2022-03-31 11:38:53 INFO  ETL:198 - Try to send successful email.
2022-03-31 11:39:03 INFO  ETL:208 - Completed.
2022-03-31 11:39:03 INFO  ETL:237 - All tasks have been completed.
2022-03-31 11:41:38 INFO  ETL:84 - =====================Start ETL===============================
2022-03-31 11:41:38 INFO  ETL:97 - Try to get config file
2022-03-31 11:41:38 INFO  ETL:145 - Init ETL inform and variables
2022-03-31 11:41:38 INFO  ETL:161 - Try to connect to db :jdbc:oracle:thin:@10.70.12.26:1521/orclpdb.dw.com.tw
2022-03-31 11:41:38 INFO  ETL:162 - Try to login with :VIDB
2022-03-31 11:41:40 DEBUG ETL:332 - Interval:-100
2022-03-31 11:41:40 DEBUG ETL:345 - Select * From CRD_LX_ATF_01_APPAUDITLOG where DATE_TM >='2021-12-21T00:00:00' AND DATE_TM<'2022-03-31T00:00:00'
2022-03-31 11:41:41 DEBUG ETL:371 - Write 150 records.
2022-03-31 11:41:41 DEBUG ETL:378 - Write 31 records.
2022-03-31 11:41:41 INFO  ETL:180 - Find 181 records in source table
2022-03-31 11:41:41 INFO  ETL:181 - Total read and write 181 records.
2022-03-31 11:41:41 INFO  ETL:183 - Completed.
2022-03-31 11:41:41 INFO  ETL:184 - Try to housekeep.
2022-03-31 11:41:41 INFO  ETL:186 - Testing===
2022-03-31 11:41:41 INFO  ETL:187 - Try to insert testing data 
2022-03-31 11:41:41 DEBUG ETL:603 - insert into CRD_LX_ATF_01_AppAuditLog VALUES (' ', ' ', '2021-03-30T59:59:59', ' ', ' ', ' ', ' ', ' ', ' ', ' ', ' ', ' ', 0, ' ', ' ', ' ', ' ')
2022-03-31 11:41:41 INFO  ETL:616 - Insert 100 rows with datetime 2021-03-30T59:59:59
2022-03-31 11:41:41 DEBUG ETL:411 - Housekeeping Interval:-1 years.
2022-03-31 11:41:41 DEBUG ETL:450 -  DELETE FROM CRD_LX_ATF_01_AppAuditLog where DATE_TM <='2021-03-30T59:59:59'
2022-03-31 11:41:41 INFO  ETL:191 - Delete 100 rows.
2022-03-31 11:41:41 INFO  ETL:192 - Completed.
2022-03-31 11:41:41 INFO  ETL:198 - Try to send successful email.
2022-03-31 11:41:50 INFO  ETL:208 - Completed.
2022-03-31 11:41:50 INFO  ETL:237 - All tasks have been completed.
2022-03-31 11:44:33 INFO  ETL:84 - =====================Start ETL===============================
2022-03-31 11:44:33 INFO  ETL:97 - Try to get config file
2022-03-31 11:44:33 INFO  ETL:145 - Init ETL inform and variables
2022-03-31 11:44:33 INFO  ETL:161 - Try to connect to db :jdbc:oracle:thin:@10.70.12.26:1521/orclpdb.dw.com.tw
2022-03-31 11:44:33 INFO  ETL:162 - Try to login with :VIDB
2022-03-31 11:44:35 DEBUG ETL:332 - Interval:-100
2022-03-31 11:44:35 DEBUG ETL:345 - Select * From CRD_LX_ATF_01_APPAUDITLOG where DATE_TM >='2021-12-21T00:00:00' AND DATE_TM<'2022-03-31T00:00:00'
2022-03-31 11:44:36 DEBUG ETL:371 - Write 150 records.
2022-03-31 11:44:36 DEBUG ETL:378 - Write 31 records.
2022-03-31 11:44:36 INFO  ETL:180 - Find 181 records in source table
2022-03-31 11:44:36 INFO  ETL:181 - Total read and write 181 records.
2022-03-31 11:44:36 INFO  ETL:183 - Completed.
2022-03-31 11:44:36 INFO  ETL:184 - Try to housekeep.
2022-03-31 11:44:36 INFO  ETL:186 - Testing===
2022-03-31 11:44:36 INFO  ETL:187 - Try to insert testing data 
2022-03-31 11:44:36 DEBUG ETL:603 - insert into CRD_LX_ATF_01_AppAuditLog VALUES (' ', ' ', '2021-03-30T59:59:59', ' ', ' ', ' ', ' ', ' ', ' ', ' ', ' ', ' ', 0, ' ', ' ', ' ', ' ')
2022-03-31 11:44:36 INFO  ETL:616 - Insert 100 rows with datetime 2021-03-30T59:59:59
2022-03-31 11:44:36 DEBUG ETL:411 - Housekeeping Interval:-1 years.
2022-03-31 11:44:36 DEBUG ETL:450 -  DELETE FROM CRD_LX_ATF_01_AppAuditLog where DATE_TM <='2021-03-30T59:59:59'
2022-03-31 11:44:36 INFO  ETL:191 - Delete 100 rows.
2022-03-31 11:44:36 INFO  ETL:192 - Completed.
2022-03-31 11:44:36 INFO  ETL:198 - Try to send successful email.
2022-03-31 11:44:45 ERROR ETL:211 - javax.mail.MessagingException: IOException while sending message;
  nested exception is:
	java.io.UnsupportedEncodingException: null
2022-03-31 11:44:45 INFO  ETL:237 - All tasks have been completed.
2022-03-31 11:47:29 INFO  ETL:84 - =====================Start ETL===============================
2022-03-31 11:47:29 INFO  ETL:97 - Try to get config file
2022-03-31 11:47:29 INFO  ETL:145 - Init ETL inform and variables
2022-03-31 11:47:29 INFO  ETL:161 - Try to connect to db :jdbc:oracle:thin:@10.70.12.26:1521/orclpdb.dw.com.tw
2022-03-31 11:47:29 INFO  ETL:162 - Try to login with :VIDB
2022-03-31 11:47:32 DEBUG ETL:335 - Interval:-100
2022-03-31 11:47:32 DEBUG ETL:348 - Select * From CRD_LX_ATF_01_APPAUDITLOG where DATE_TM >='2021-12-21T00:00:00' AND DATE_TM<'2022-03-31T00:00:00'
2022-03-31 11:47:32 DEBUG ETL:374 - Write 150 records.
2022-03-31 11:47:32 DEBUG ETL:381 - Write 31 records.
2022-03-31 11:47:32 INFO  ETL:180 - Find 181 records in source table
2022-03-31 11:47:32 INFO  ETL:181 - Total read and write 181 records.
2022-03-31 11:47:32 INFO  ETL:183 - Completed.
2022-03-31 11:47:32 INFO  ETL:184 - Try to housekeep.
2022-03-31 11:47:32 INFO  ETL:186 - Testing===
2022-03-31 11:47:32 INFO  ETL:187 - Try to insert testing data 
2022-03-31 11:47:32 DEBUG ETL:606 - insert into CRD_LX_ATF_01_AppAuditLog VALUES (' ', ' ', '2021-03-30T59:59:59', ' ', ' ', ' ', ' ', ' ', ' ', ' ', ' ', ' ', 0, ' ', ' ', ' ', ' ')
2022-03-31 11:47:32 INFO  ETL:619 - Insert 100 rows with datetime 2021-03-30T59:59:59
2022-03-31 11:47:32 DEBUG ETL:414 - Housekeeping Interval:-1 years.
2022-03-31 11:47:32 DEBUG ETL:453 -  DELETE FROM CRD_LX_ATF_01_AppAuditLog where DATE_TM <='2021-03-30T59:59:59'
2022-03-31 11:47:32 INFO  ETL:191 - Delete 100 rows.
2022-03-31 11:47:32 INFO  ETL:192 - Completed.
2022-03-31 11:47:32 INFO  ETL:198 - Try to send successful email.
2022-03-31 11:47:42 ERROR ETL:211 - javax.mail.MessagingException: IOException while sending message;
  nested exception is:
	java.io.UnsupportedEncodingException: null
2022-03-31 11:47:42 INFO  ETL:237 - All tasks have been completed.
2022-03-31 11:49:11 INFO  ETL:84 - =====================Start ETL===============================
2022-03-31 11:49:11 INFO  ETL:97 - Try to get config file
2022-03-31 11:49:11 INFO  ETL:145 - Init ETL inform and variables
2022-03-31 11:49:11 INFO  ETL:161 - Try to connect to db :jdbc:oracle:thin:@10.70.12.26:1521/orclpdb.dw.com.tw
2022-03-31 11:49:11 INFO  ETL:162 - Try to login with :VIDB
2022-03-31 11:49:13 DEBUG ETL:335 - Interval:-100
2022-03-31 11:49:13 DEBUG ETL:348 - Select * From CRD_LX_ATF_01_APPAUDITLOG where DATE_TM >='2021-12-21T00:00:00' AND DATE_TM<'2022-03-31T00:00:00'
2022-03-31 11:49:13 DEBUG ETL:374 - Write 150 records.
2022-03-31 11:49:13 DEBUG ETL:381 - Write 31 records.
2022-03-31 11:49:13 INFO  ETL:180 - Find 181 records in source table
2022-03-31 11:49:13 INFO  ETL:181 - Total read and write 181 records.
2022-03-31 11:49:13 INFO  ETL:183 - Completed.
2022-03-31 11:49:13 INFO  ETL:184 - Try to housekeep.
2022-03-31 11:49:13 INFO  ETL:186 - Testing===
2022-03-31 11:49:13 INFO  ETL:187 - Try to insert testing data 
2022-03-31 11:49:13 DEBUG ETL:606 - insert into CRD_LX_ATF_01_AppAuditLog VALUES (' ', ' ', '2021-03-30T59:59:59', ' ', ' ', ' ', ' ', ' ', ' ', ' ', ' ', ' ', 0, ' ', ' ', ' ', ' ')
2022-03-31 11:49:13 INFO  ETL:619 - Insert 100 rows with datetime 2021-03-30T59:59:59
2022-03-31 11:49:13 DEBUG ETL:414 - Housekeeping Interval:-1 years.
2022-03-31 11:49:13 DEBUG ETL:453 -  DELETE FROM CRD_LX_ATF_01_AppAuditLog where DATE_TM <='2021-03-30T59:59:59'
2022-03-31 11:49:14 INFO  ETL:191 - Delete 100 rows.
2022-03-31 11:49:14 INFO  ETL:192 - Completed.
2022-03-31 11:49:14 INFO  ETL:198 - Try to send successful email.
2022-03-31 11:49:24 INFO  ETL:208 - Completed.
2022-03-31 11:49:24 INFO  ETL:237 - All tasks have been completed.
2022-03-31 11:50:33 INFO  ETL:84 - =====================Start ETL===============================
2022-03-31 11:50:33 INFO  ETL:97 - Try to get config file
2022-03-31 11:50:33 INFO  ETL:145 - Init ETL inform and variables
2022-03-31 11:50:33 INFO  ETL:161 - Try to connect to db :jdbc:oracle:thin:@10.70.12.26:1521/orclpdb.dw.com.tw
2022-03-31 11:50:33 INFO  ETL:162 - Try to login with :VIDB
2022-03-31 11:50:36 DEBUG ETL:335 - Interval:-100
2022-03-31 11:50:36 DEBUG ETL:348 - Select * From CRD_LX_ATF_01_APPAUDITLOG where DATE_TM >='2021-12-21T00:00:00' AND DATE_TM<'2022-03-31T00:00:00'
2022-03-31 11:50:36 DEBUG ETL:374 - Write 150 records.
2022-03-31 11:50:36 DEBUG ETL:381 - Write 31 records.
2022-03-31 11:50:36 INFO  ETL:180 - Find 181 records in source table
2022-03-31 11:50:36 INFO  ETL:181 - Total read and write 181 records.
2022-03-31 11:50:36 INFO  ETL:183 - Completed.
2022-03-31 11:50:36 INFO  ETL:184 - Try to housekeep.
2022-03-31 11:50:36 INFO  ETL:186 - Testing===
2022-03-31 11:50:36 INFO  ETL:187 - Try to insert testing data 
2022-03-31 11:50:36 DEBUG ETL:606 - insert into CRD_LX_ATF_01_AppAuditLog VALUES (' ', ' ', '2021-03-30T59:59:59', ' ', ' ', ' ', ' ', ' ', ' ', ' ', ' ', ' ', 0, ' ', ' ', ' ', ' ')
2022-03-31 11:50:36 INFO  ETL:619 - Insert 100 rows with datetime 2021-03-30T59:59:59
2022-03-31 11:50:36 DEBUG ETL:414 - Housekeeping Interval:-1 years.
2022-03-31 11:50:36 DEBUG ETL:453 -  DELETE FROM CRD_LX_ATF_01_AppAuditLog where DATE_TM <='2021-03-30T59:59:59'
2022-03-31 11:50:36 INFO  ETL:191 - Delete 100 rows.
2022-03-31 11:50:36 INFO  ETL:192 - Completed.
2022-03-31 11:50:36 INFO  ETL:198 - Try to send successful email.
2022-03-31 11:50:46 INFO  ETL:208 - Completed.
2022-03-31 11:50:46 INFO  ETL:237 - All tasks have been completed.
2022-03-31 11:52:05 INFO  ETL:84 - =====================Start ETL===============================
2022-03-31 11:52:05 INFO  ETL:97 - Try to get config file
2022-03-31 11:52:05 INFO  ETL:145 - Init ETL inform and variables
2022-03-31 11:52:05 INFO  ETL:161 - Try to connect to db :jdbc:oracle:thin:@10.70.12.26:1521/orclpdb.dw.com.tw
2022-03-31 11:52:05 INFO  ETL:162 - Try to login with :VIDB
2022-03-31 11:52:08 DEBUG ETL:336 - Interval:-100
2022-03-31 11:52:08 DEBUG ETL:349 - Select * From CRD_LX_ATF_01_APPAUDITLOG where DATE_TM >='2021-12-21T00:00:00' AND DATE_TM<'2022-03-31T00:00:00'
2022-03-31 11:52:09 DEBUG ETL:375 - Write 150 records.
2022-03-31 11:52:09 DEBUG ETL:382 - Write 31 records.
2022-03-31 11:52:09 INFO  ETL:180 - Find 181 records in source table
2022-03-31 11:52:09 INFO  ETL:181 - Total read and write 181 records.
2022-03-31 11:52:09 INFO  ETL:183 - Completed.
2022-03-31 11:52:09 INFO  ETL:184 - Try to housekeep.
2022-03-31 11:52:09 INFO  ETL:186 - Testing===
2022-03-31 11:52:09 INFO  ETL:187 - Try to insert testing data 
2022-03-31 11:52:09 DEBUG ETL:607 - insert into CRD_LX_ATF_01_AppAuditLog VALUES (' ', ' ', '2021-03-30T59:59:59', ' ', ' ', ' ', ' ', ' ', ' ', ' ', ' ', ' ', 0, ' ', ' ', ' ', ' ')
2022-03-31 11:52:09 INFO  ETL:620 - Insert 100 rows with datetime 2021-03-30T59:59:59
2022-03-31 11:52:09 DEBUG ETL:415 - Housekeeping Interval:-1 years.
2022-03-31 11:52:09 DEBUG ETL:454 -  DELETE FROM CRD_LX_ATF_01_AppAuditLog where DATE_TM <='2021-03-30T59:59:59'
2022-03-31 11:52:09 INFO  ETL:191 - Delete 100 rows.
2022-03-31 11:52:09 INFO  ETL:192 - Completed.
2022-03-31 11:52:09 INFO  ETL:198 - Try to send successful email.
2022-03-31 11:52:18 INFO  ETL:208 - Completed.
2022-03-31 11:52:18 INFO  ETL:237 - All tasks have been completed.
2022-03-31 12:15:45 INFO  ETL:84 - =====================Start ETL===============================
2022-03-31 12:15:45 INFO  ETL:97 - Try to get config file
2022-03-31 12:15:45 INFO  ETL:145 - Init ETL inform and variables
2022-03-31 12:15:45 INFO  ETL:163 - Try to connect to db :jdbc:oracle:thin:@10.70.12.26:1521/orclpdb.dw.com.tw
2022-03-31 12:15:45 INFO  ETL:164 - Try to login with :VIDB
2022-03-31 12:15:48 DEBUG ETL:338 - Interval:-100
2022-03-31 12:15:48 DEBUG ETL:351 - Select * From CRD_LX_ATF_01_APPAUDITLOG where DATE_TM >='2021-12-21T00:00:00' AND DATE_TM<'2022-03-31T00:00:00'
2022-03-31 12:15:49 DEBUG ETL:377 - Write 150 records.
2022-03-31 12:15:49 DEBUG ETL:384 - Write 31 records.
2022-03-31 12:15:49 INFO  ETL:182 - Find 181 records in source table
2022-03-31 12:15:49 INFO  ETL:183 - Total read and write 181 records.
2022-03-31 12:15:49 INFO  ETL:185 - Completed.
2022-03-31 12:15:49 INFO  ETL:186 - Try to housekeep.
2022-03-31 12:15:49 INFO  ETL:188 - Testing===
2022-03-31 12:15:49 INFO  ETL:189 - Try to insert testing data 
2022-03-31 12:15:49 DEBUG ETL:629 - insert into CRD_LX_ATF_01_AppAuditLog VALUES (' ', ' ', '2021-03-30T59:59:59', ' ', ' ', ' ', ' ', ' ', ' ', ' ', ' ', ' ', 0, ' ', ' ', ' ', ' ')
2022-03-31 12:15:49 INFO  ETL:642 - Insert 100 rows with datetime 2021-03-30T59:59:59
2022-03-31 12:15:49 DEBUG ETL:437 - Housekeeping Interval:-1 years.
2022-03-31 12:15:49 DEBUG ETL:476 -  DELETE FROM CRD_LX_ATF_01_AppAuditLog where DATE_TM <='2021-03-30T59:59:59'
2022-03-31 12:15:49 INFO  ETL:193 - Delete 100 rows.
2022-03-31 12:15:49 INFO  ETL:194 - Completed.
2022-03-31 12:15:49 INFO  ETL:200 - Try to send successful email.
2022-03-31 12:15:54 INFO  ETL:210 - Completed.
2022-03-31 12:15:54 INFO  ETL:239 - All tasks have been completed.
2022-03-31 12:17:19 INFO  ETL:84 - =====================Start ETL===============================
2022-03-31 12:17:19 INFO  ETL:97 - Try to get config file
2022-03-31 12:17:19 INFO  ETL:145 - Init ETL inform and variables
2022-03-31 12:17:19 INFO  ETL:163 - Try to connect to db :jdbc:oracle:thin:@10.70.12.26:1521/orclpdb.dw.com.tw
2022-03-31 12:17:19 INFO  ETL:164 - Try to login with :VIDB
2022-03-31 12:17:21 DEBUG ETL:339 - Interval:-100
2022-03-31 12:17:21 DEBUG ETL:352 - Select * From CRD_LX_ATF_01_APPAUDITLOG where DATE_TM >='2021-12-21T00:00:00' AND DATE_TM<'2022-03-31T00:00:00'
2022-03-31 12:17:22 DEBUG ETL:378 - Write 150 records.
2022-03-31 12:17:22 DEBUG ETL:385 - Write 31 records.
2022-03-31 12:17:22 INFO  ETL:181 - Find 181 records in source table
2022-03-31 12:17:22 INFO  ETL:182 - Total read and write 181 records.
2022-03-31 12:17:22 INFO  ETL:183 - Try to create flg file:C:\workfile\CUB_etl\test\aplog\CRD_LX_ATF_01_AppAuditLog.txt.
2022-03-31 12:17:22 INFO  ETL:186 - Completed.
2022-03-31 12:17:22 INFO  ETL:187 - Try to housekeep.
2022-03-31 12:17:22 INFO  ETL:189 - Testing===
2022-03-31 12:17:22 INFO  ETL:190 - Try to insert testing data 
2022-03-31 12:17:22 DEBUG ETL:630 - insert into CRD_LX_ATF_01_AppAuditLog VALUES (' ', ' ', '2021-03-30T59:59:59', ' ', ' ', ' ', ' ', ' ', ' ', ' ', ' ', ' ', 0, ' ', ' ', ' ', ' ')
2022-03-31 12:17:22 INFO  ETL:643 - Insert 100 rows with datetime 2021-03-30T59:59:59
2022-03-31 12:17:22 DEBUG ETL:438 - Housekeeping Interval:-1 years.
2022-03-31 12:17:22 DEBUG ETL:477 -  DELETE FROM CRD_LX_ATF_01_AppAuditLog where DATE_TM <='2021-03-30T59:59:59'
2022-03-31 12:17:22 INFO  ETL:194 - Delete 100 rows.
2022-03-31 12:17:22 INFO  ETL:195 - Completed.
2022-03-31 12:17:22 INFO  ETL:201 - Try to send successful email.
2022-03-31 12:17:32 INFO  ETL:211 - Completed.
2022-03-31 12:17:32 INFO  ETL:240 - All tasks have been completed.
2022-03-31 12:19:16 INFO  ETL:84 - =====================Start ETL===============================
2022-03-31 12:19:16 INFO  ETL:97 - Try to get config file
2022-03-31 12:19:16 INFO  ETL:145 - Init ETL inform and variables
2022-03-31 12:19:16 INFO  ETL:163 - Try to connect to db :jdbc:oracle:thin:@10.70.12.26:1521/orclpdb.dw.com.tw
2022-03-31 12:19:16 INFO  ETL:164 - Try to login with :VIDB
2022-03-31 12:19:19 DEBUG ETL:339 - Interval:-100
2022-03-31 12:19:19 DEBUG ETL:352 - Select * From CRD_LX_ATF_01_APPAUDITLOG where DATE_TM >='2021-12-21T00:00:00' AND DATE_TM<'2022-03-31T00:00:00'
2022-03-31 12:19:19 DEBUG ETL:378 - Write 150 records.
2022-03-31 12:19:19 DEBUG ETL:385 - Write 31 records.
2022-03-31 12:19:19 INFO  ETL:181 - Find 181 records in source table
2022-03-31 12:19:19 INFO  ETL:182 - Total read and write 181 records.
2022-03-31 12:19:19 INFO  ETL:183 - Try to create flg file:C:\workfile\CUB_etl\test\aplog\CRD_LX_ATF_01_AppAuditLog.txt.
2022-03-31 12:19:19 INFO  ETL:186 - Completed.
2022-03-31 12:19:19 INFO  ETL:187 - Try to housekeep.
2022-03-31 12:19:19 INFO  ETL:189 - Testing===
2022-03-31 12:19:19 INFO  ETL:190 - Try to insert testing data 
2022-03-31 12:19:19 DEBUG ETL:630 - insert into CRD_LX_ATF_01_AppAuditLog VALUES (' ', ' ', '2021-03-30T59:59:59', ' ', ' ', ' ', ' ', ' ', ' ', ' ', ' ', ' ', 0, ' ', ' ', ' ', ' ')
2022-03-31 12:19:19 INFO  ETL:643 - Insert 100 rows with datetime 2021-03-30T59:59:59
2022-03-31 12:19:19 DEBUG ETL:438 - Housekeeping Interval:-1 years.
2022-03-31 12:19:19 DEBUG ETL:477 -  DELETE FROM CRD_LX_ATF_01_AppAuditLog where DATE_TM <='2021-03-30T59:59:59'
2022-03-31 12:19:19 INFO  ETL:194 - Delete 100 rows.
2022-03-31 12:19:19 INFO  ETL:195 - Completed.
2022-03-31 12:19:19 INFO  ETL:201 - Try to send successful email.
2022-03-31 12:19:28 INFO  ETL:211 - Completed.
2022-03-31 12:19:28 INFO  ETL:240 - All tasks have been completed.
2022-03-31 12:23:09 INFO  ETL:84 - =====================Start ETL===============================
2022-03-31 12:23:09 INFO  ETL:97 - Try to get config file
2022-03-31 12:23:09 INFO  ETL:145 - Init ETL inform and variables
2022-03-31 12:23:09 INFO  ETL:163 - Try to connect to db :jdbc:oracle:thin:@10.70.12.26:1521/orclpdb.dw.com.tw
2022-03-31 12:23:09 INFO  ETL:164 - Try to login with :VIDB
2022-03-31 12:23:11 INFO  ETL:177 - Find 0 records in source table
2022-03-31 12:23:11 INFO  ETL:179 - Try to update target file:C:\workfile\CUB_etl\test\aplog\CRD_LX_ATF_01_AppAuditLog.txt.
2022-03-31 12:23:11 DEBUG ETL:340 - Interval:-100
2022-03-31 12:23:11 DEBUG ETL:353 - Select * From CRD_LX_ATF_01_APPAUDITLOG where DATE_TM >='2021-12-21T00:00:00' AND DATE_TM<'2022-03-31T00:00:00'
2022-03-31 12:23:11 DEBUG ETL:379 - Write 150 records.
2022-03-31 12:23:11 DEBUG ETL:386 - Write 31 records.
2022-03-31 12:23:11 INFO  ETL:183 - Totally read and write 181 records.
2022-03-31 12:23:11 INFO  ETL:184 - Try to create flg file:C:\workfile\CUB_etl\test\aplog\CRD_LX_ATF_01_AppAuditLog.flg.
2022-03-31 12:23:11 INFO  ETL:187 - Completed.
2022-03-31 12:23:11 INFO  ETL:188 - Try to housekeep.
2022-03-31 12:23:11 INFO  ETL:190 - Testing===
2022-03-31 12:23:11 INFO  ETL:191 - Try to insert testing data 
2022-03-31 12:23:11 DEBUG ETL:631 - insert into CRD_LX_ATF_01_AppAuditLog VALUES (' ', ' ', '2021-03-30T59:59:59', ' ', ' ', ' ', ' ', ' ', ' ', ' ', ' ', ' ', 0, ' ', ' ', ' ', ' ')
2022-03-31 12:23:11 INFO  ETL:644 - Insert 100 rows with datetime 2021-03-30T59:59:59
2022-03-31 12:23:11 DEBUG ETL:439 - Housekeeping Interval:-1 years.
2022-03-31 12:23:11 DEBUG ETL:478 -  DELETE FROM CRD_LX_ATF_01_AppAuditLog where DATE_TM <='2021-03-30T59:59:59'
2022-03-31 12:23:11 INFO  ETL:195 - Delete 100 rows.
2022-03-31 12:23:11 INFO  ETL:196 - Completed.
2022-03-31 12:23:11 INFO  ETL:202 - Try to send successful email.
2022-03-31 12:23:21 INFO  ETL:212 - Completed.
2022-03-31 12:23:21 INFO  ETL:241 - All tasks have been completed.
